-- Тест 010: Нагрузочный тест с циклом 200 итераций
-- Этот тест проверяет стабильность работы расширения при интенсивной нагрузке
-- и отсутствие утечек памяти при многократных вызовах.
--
-- 200 итераций (было 1000): на каждой создаётся 3 TEMP TABLE, каждая берёт
-- AccessExclusiveLock в namespace до конца транзакции (DO-блок = одна
-- транзакция). При max_locks_per_transaction = 64 (дефолт PG), 1000 × 3
-- упирается в "out of shared memory" на Linux. 200 × 3 = 600 локов остаётся
-- в пределах разумных дефолтов и сохраняет осмысленную стресс-нагрузку.
DROP TABLE IF EXISTS test;
NOTICE:  table "test" does not exist, skipping
CREATE TABLE test 
(
    id int GENERATED BY DEFAULT AS IDENTITY,
    c_text text
);
CREATE OR REPLACE FUNCTION test () RETURNS void
    LANGUAGE plpgsql
AS
$$
BEGIN
    DROP TABLE IF EXISTS test1;
    CREATE TEMP TABLE test1
    AS
    SELECT
        *
    FROM pg_query_stack();

    DROP TABLE IF EXISTS test2;
    CREATE TEMP TABLE test2
    AS
    SELECT
        *
    FROM pg_query_stack(0);

    INSERT INTO test
    (
        c_text
    )
    SELECT
        '666';

    DROP TABLE IF EXISTS test5;
    CREATE TEMP TABLE test5
    AS
    SELECT
        *
    FROM pg_query_stack(0);
END;
$$;
CREATE OR REPLACE FUNCTION test_up() RETURNS void
LANGUAGE plpgsql
AS
$$
BEGIN
    PERFORM test();
END;
$$;
DO
$$
DECLARE
    _n int = 0;
BEGIN
    WHILE _n < 200
    LOOP
        PERFORM test_up();
        _n = _n + 1;
    END LOOP;
END
$$ LANGUAGE plpgsql;
NOTICE:  table "test1" does not exist, skipping
NOTICE:  table "test2" does not exist, skipping
NOTICE:  table "test5" does not exist, skipping
SELECT * FROM test1;
 frame_number |    query_text    
--------------+------------------
            0 | SELECT test_up()
            1 | SELECT test()
(2 rows)

SELECT * FROM test2;
 frame_number |         query_text         
--------------+----------------------------
            0 | SELECT test_up()
            1 | SELECT test()
            2 | CREATE TEMP TABLE test2   +
              |     AS                    +
              |     SELECT                +
              |         *                 +
              |     FROM pg_query_stack(0)
(3 rows)

SELECT * FROM test;
 id  | c_text 
-----+--------
   1 | 666
   2 | 666
   3 | 666
   4 | 666
   5 | 666
   6 | 666
   7 | 666
   8 | 666
   9 | 666
  10 | 666
  11 | 666
  12 | 666
  13 | 666
  14 | 666
  15 | 666
  16 | 666
  17 | 666
  18 | 666
  19 | 666
  20 | 666
  21 | 666
  22 | 666
  23 | 666
  24 | 666
  25 | 666
  26 | 666
  27 | 666
  28 | 666
  29 | 666
  30 | 666
  31 | 666
  32 | 666
  33 | 666
  34 | 666
  35 | 666
  36 | 666
  37 | 666
  38 | 666
  39 | 666
  40 | 666
  41 | 666
  42 | 666
  43 | 666
  44 | 666
  45 | 666
  46 | 666
  47 | 666
  48 | 666
  49 | 666
  50 | 666
  51 | 666
  52 | 666
  53 | 666
  54 | 666
  55 | 666
  56 | 666
  57 | 666
  58 | 666
  59 | 666
  60 | 666
  61 | 666
  62 | 666
  63 | 666
  64 | 666
  65 | 666
  66 | 666
  67 | 666
  68 | 666
  69 | 666
  70 | 666
  71 | 666
  72 | 666
  73 | 666
  74 | 666
  75 | 666
  76 | 666
  77 | 666
  78 | 666
  79 | 666
  80 | 666
  81 | 666
  82 | 666
  83 | 666
  84 | 666
  85 | 666
  86 | 666
  87 | 666
  88 | 666
  89 | 666
  90 | 666
  91 | 666
  92 | 666
  93 | 666
  94 | 666
  95 | 666
  96 | 666
  97 | 666
  98 | 666
  99 | 666
 100 | 666
 101 | 666
 102 | 666
 103 | 666
 104 | 666
 105 | 666
 106 | 666
 107 | 666
 108 | 666
 109 | 666
 110 | 666
 111 | 666
 112 | 666
 113 | 666
 114 | 666
 115 | 666
 116 | 666
 117 | 666
 118 | 666
 119 | 666
 120 | 666
 121 | 666
 122 | 666
 123 | 666
 124 | 666
 125 | 666
 126 | 666
 127 | 666
 128 | 666
 129 | 666
 130 | 666
 131 | 666
 132 | 666
 133 | 666
 134 | 666
 135 | 666
 136 | 666
 137 | 666
 138 | 666
 139 | 666
 140 | 666
 141 | 666
 142 | 666
 143 | 666
 144 | 666
 145 | 666
 146 | 666
 147 | 666
 148 | 666
 149 | 666
 150 | 666
 151 | 666
 152 | 666
 153 | 666
 154 | 666
 155 | 666
 156 | 666
 157 | 666
 158 | 666
 159 | 666
 160 | 666
 161 | 666
 162 | 666
 163 | 666
 164 | 666
 165 | 666
 166 | 666
 167 | 666
 168 | 666
 169 | 666
 170 | 666
 171 | 666
 172 | 666
 173 | 666
 174 | 666
 175 | 666
 176 | 666
 177 | 666
 178 | 666
 179 | 666
 180 | 666
 181 | 666
 182 | 666
 183 | 666
 184 | 666
 185 | 666
 186 | 666
 187 | 666
 188 | 666
 189 | 666
 190 | 666
 191 | 666
 192 | 666
 193 | 666
 194 | 666
 195 | 666
 196 | 666
 197 | 666
 198 | 666
 199 | 666
 200 | 666
(200 rows)

SELECT * FROM test5;
 frame_number |         query_text         
--------------+----------------------------
            0 | SELECT test_up()
            1 | SELECT test()
            2 | CREATE TEMP TABLE test5   +
              |     AS                    +
              |     SELECT                +
              |         *                 +
              |     FROM pg_query_stack(0)
(3 rows)

DISCARD ALL;
DROP TABLE test;
DROP FUNCTION test();
DROP FUNCTION test_up();
